2012/12/13 23:51:20 [error] [system.db.CDbCommand] CDbCommand::fetchAll() failed: SQLSTATE[42S02]: Base table or view not found: 1146 Table 'atrium.fi' doesn't exist. The SQL statement executed was: SHOW COLUMNS FROM `fi`.
in /var/www/atrium/atrium/index.php (13)
2012/12/14 20:25:38 [error] [exception.CHttpException.403] exception 'CHttpException' with message 'You are not allowed to access this page.' in /var/www/tmp/atrium/framework/gii/GiiModule.php:169
Stack trace:
#0 /var/www/tmp/atrium/framework/web/CController.php(264): GiiModule->beforeControllerAction(Object(DefaultController), Object(CInlineAction))
#1 /var/www/tmp/atrium/framework/web/CWebApplication.php(283): CController->run('')
#2 /var/www/tmp/atrium/framework/web/CWebApplication.php(142): CWebApplication->runController('gii')
#3 /var/www/tmp/atrium/framework/base/CApplication.php(162): CWebApplication->processRequest()
#4 /var/www/tmp/atrium/atrium/index.php(13): CApplication->run()
#5 {main}
REQUEST_URI=/tmp/atrium/atrium/index.php?r=gii
---
2012/12/14 20:26:02 [error] [exception.CHttpException.403] exception 'CHttpException' with message 'You are not allowed to access this page.' in /var/www/tmp/atrium/framework/gii/GiiModule.php:169
Stack trace:
#0 /var/www/tmp/atrium/framework/web/CController.php(264): GiiModule->beforeControllerAction(Object(DefaultController), Object(CInlineAction))
#1 /var/www/tmp/atrium/framework/web/CWebApplication.php(283): CController->run('')
#2 /var/www/tmp/atrium/framework/web/CWebApplication.php(142): CWebApplication->runController('gii')
#3 /var/www/tmp/atrium/framework/base/CApplication.php(162): CWebApplication->processRequest()
#4 /var/www/tmp/atrium/atrium/index.php(13): CApplication->run()
#5 {main}
REQUEST_URI=/tmp/atrium/atrium/index.php?r=gii
---
2012/12/14 20:27:11 [error] [exception.CHttpException.403] exception 'CHttpException' with message 'You are not allowed to access this page.' in /var/www/tmp/atrium/framework/gii/GiiModule.php:169
Stack trace:
#0 /var/www/tmp/atrium/framework/web/CController.php(264): GiiModule->beforeControllerAction(Object(DefaultController), Object(CInlineAction))
#1 /var/www/tmp/atrium/framework/web/CWebApplication.php(283): CController->run('')
#2 /var/www/tmp/atrium/framework/web/CWebApplication.php(142): CWebApplication->runController('gii')
#3 /var/www/tmp/atrium/framework/base/CApplication.php(162): CWebApplication->processRequest()
#4 /var/www/tmp/atrium/atrium/index.php(13): CApplication->run()
#5 {main}
REQUEST_URI=/tmp/atrium/atrium/index.php?r=gii
---
2012/12/14 20:27:16 [error] [exception.CHttpException.403] exception 'CHttpException' with message 'You are not allowed to access this page.' in /var/www/tmp/atrium/framework/gii/GiiModule.php:169
Stack trace:
#0 /var/www/tmp/atrium/framework/web/CController.php(264): GiiModule->beforeControllerAction(Object(DefaultController), Object(CInlineAction))
#1 /var/www/tmp/atrium/framework/web/CWebApplication.php(283): CController->run('')
#2 /var/www/tmp/atrium/framework/web/CWebApplication.php(142): CWebApplication->runController('gii')
#3 /var/www/tmp/atrium/framework/base/CApplication.php(162): CWebApplication->processRequest()
#4 /var/www/tmp/atrium/atrium/index.php(13): CApplication->run()
#5 {main}
REQUEST_URI=/tmp/atrium/atrium/index.php?r=gii
---
